  Building 'VirtICE' with toolset 'WindowsKernelModeDriver10.0' and the 'Desktop' target platform.
  Stamping x64\Debug\kHypervisor.inf [Version] section with DriverVer=06/02/2017,1.49.5.962
  Assembling ..\HyperPlatform\Arch\x64\x64.asm...
  Assembling ..\HyperPlatform\Arch\x86\x86.asm...
  driver.cpp
  ept.cpp
  global_object.cpp
  hotplug_callback.cpp
  kernel_stl.cpp
  log.cpp
  performance.cpp
  power_callback.cpp
  util.cpp
  vm.cpp
  vmcs.cpp
  vmm.cpp
  vmx.cpp
  vmx_common.cpp
  Generating Code...
  kHypervisor.vcxproj -> C:\Users\Kelvin\Documents\GitHub\VirtICE\kHypervisor\x64\Debug\VirtICE.sys
  Done Adding Additional Store
  Successfully signed: C:\Users\Kelvin\Documents\GitHub\VirtICE\kHypervisor\x64\Debug\VirtICE.sys
  
  .........................
  Signability test complete.
  
  Errors:
  None
  
  Warnings:
  None
  
  Catalog generation complete.
  C:\Users\Kelvin\Documents\GitHub\VirtICE\kHypervisor\x64\Debug\VirtICE\virtice.cat
  Done Adding Additional Store
  Successfully signed: C:\Users\Kelvin\Documents\GitHub\VirtICE\kHypervisor\x64\Debug\VirtICE\virtice.cat
  
